Thu Aug 16 2018 22:03:35 GMT+0530 (IST): GET /
Thu Aug 16 2018 22:03:35 GMT+0530 (IST): GET /stylesheet/style.css
Thu Aug 16 2018 22:06:39 GMT+0530 (IST): GET /
Thu Aug 16 2018 22:06:39 GMT+0530 (IST): GET /stylesheet/style.css
Thu Aug 16 2018 22:06:39 GMT+0530 (IST): GET /
Thu Aug 16 2018 22:06:39 GMT+0530 (IST): GET /stylesheet/style.css
Thu Aug 16 2018 22:06:40 GMT+0530 (IST): GET /
Thu Aug 16 2018 22:06:40 GMT+0530 (IST): GET /stylesheet/style.css
Thu Aug 16 2018 22:06:54 GMT+0530 (IST): GET /stylesheet/style.css
Thu Aug 16 2018 22:08:01 GMT+0530 (IST): GET /
Thu Aug 16 2018 22:08:01 GMT+0530 (IST): GET /stylesheet/style.css
Thu Aug 16 2018 22:08:39 GMT+0530 (IST): GET /
Thu Aug 16 2018 22:08:40 GMT+0530 (IST): GET /stylesheet/style.css
Thu Aug 16 2018 22:08:54 GMT+0530 (IST): GET /
Thu Aug 16 2018 22:08:54 GMT+0530 (IST): GET /stylesheet/style.css
Thu Aug 16 2018 22:09:10 GMT+0530 (IST): GET /stylesheet/style.css
Thu Aug 16 2018 22:10:41 GMT+0530 (IST): GET /
Thu Aug 16 2018 22:10:41 GMT+0530 (IST): GET /stylesheet/style.css
Thu Aug 16 2018 22:12:57 GMT+0530 (IST): GET /
Thu Aug 16 2018 22:12:57 GMT+0530 (IST): GET /stylesheet/style.css
Thu Aug 16 2018 22:16:34 GMT+0530 (IST): GET /
Thu Aug 16 2018 22:16:34 GMT+0530 (IST): GET /stylesheet/style.css
Thu Aug 16 2018 22:21:16 GMT+0530 (IST): GET /
Thu Aug 16 2018 22:21:16 GMT+0530 (IST): GET /public/stylesheet/style.css
Thu Aug 16 2018 22:21:22 GMT+0530 (IST): GET /
Thu Aug 16 2018 22:21:22 GMT+0530 (IST): GET /public/stylesheet/style.css
Thu Aug 16 2018 22:21:29 GMT+0530 (IST): GET /
Thu Aug 16 2018 22:21:29 GMT+0530 (IST): GET /public/stylesheet/style.css
Thu Aug 16 2018 22:21:29 GMT+0530 (IST): GET /
Thu Aug 16 2018 22:21:29 GMT+0530 (IST): GET /public/stylesheet/style.css
Fri Aug 17 2018 15:27:41 GMT+0530 (IST): GET /
Fri Aug 17 2018 15:27:41 GMT+0530 (IST): GET /public/stylesheet/style.css
Fri Aug 17 2018 15:27:41 GMT+0530 (IST): GET /favicon.ico
Fri Aug 17 2018 15:28:11 GMT+0530 (IST): GET /
Fri Aug 17 2018 15:28:11 GMT+0530 (IST): GET /public/stylesheet/style.css
Fri Aug 17 2018 15:29:00 GMT+0530 (IST): GET /
Fri Aug 17 2018 15:29:00 GMT+0530 (IST): GET /public/stylesheet/style.css
Fri Aug 17 2018 15:29:02 GMT+0530 (IST): GET /about
Fri Aug 17 2018 15:29:02 GMT+0530 (IST): GET /public/stylesheet/style.css
Fri Aug 17 2018 15:29:09 GMT+0530 (IST): GET /
Fri Aug 17 2018 15:29:09 GMT+0530 (IST): GET /public/stylesheet/style.css
Fri Aug 17 2018 15:29:23 GMT+0530 (IST): GET /about
Fri Aug 17 2018 15:29:23 GMT+0530 (IST): GET /public/stylesheet/style.css
Fri Aug 17 2018 15:29:26 GMT+0530 (IST): GET /
Fri Aug 17 2018 15:29:26 GMT+0530 (IST): GET /public/stylesheet/style.css
Fri Aug 17 2018 17:34:25 GMT+0530 (IST): GET /
Fri Aug 17 2018 17:34:25 GMT+0530 (IST): GET /public/stylesheet/style.css
Fri Aug 17 2018 17:34:34 GMT+0530 (IST): GET /about
Fri Aug 17 2018 17:34:34 GMT+0530 (IST): GET /public/stylesheet/style.css
Fri Aug 17 2018 17:34:36 GMT+0530 (IST): GET /
Fri Aug 17 2018 17:34:36 GMT+0530 (IST): GET /public/stylesheet/style.css
Fri Aug 17 2018 17:34:45 GMT+0530 (IST): GET /?
Fri Aug 17 2018 17:34:45 GMT+0530 (IST): GET /public/stylesheet/style.css
